<?xml version="1.0" encoding="UTF-8"?>
<testsuite xmlns:xsi="http://www.w3.org/2001/XMLSchema-instance" xsi:noNamespaceSchemaLocation="https://maven.apache.org/surefire/maven-surefire-plugin/xsd/surefire-test-report-3.0.xsd" version="3.0" name="com.school.admission.AdmissionServiceApplicationTest" time="33.685" tests="4" errors="0" skipped="0" failures="0">
  <properties>
[...]
</properties>
  <testcase name="testSecuredWorkflowAspectDeny" classname="com.school.admission.AdmissionServiceApplicationTest" time="0.999">
    <system-out><![CDATA[11:37:38.121 [main] INFO org.springframework.test.context.support.AnnotationConfigContextLoaderUtils -- Could not detect default configuration classes for test class [com.school.admission.AdmissionServiceApplicationTest]: AdmissionServiceApplicationTest does not declare any static, non-private, non-final, nested classes annotated with @Configuration.
11:37:38.404 [main] INFO org.springframework.boot.test.context.SpringBootTestContextBootstrapper -- Found @SpringBootConfiguration com.school.admission.AdmissionServiceApplication for test class com.school.admission.AdmissionServiceApplicationTest

  .   ____          _            __ _ _
 /\\ / ___'_ __ _ _(_)_ __  __ _ \ \ \ \
( ( )\___ | '_ | '_| | '_ \/ _` | \ \ \ \
 \\/  ___)| |_)| | | | | || (_| |  ) ) ) )
  '  |____| .__|_| |_|_| |_\__, | / / / /
 =========|_|==============|___/=/_/_/_/

 :: Spring Boot ::                (v3.3.4)

2026-06-09T11:37:39.682+05:30  INFO 22368 --- [admission-service] [           main] c.s.a.AdmissionServiceApplicationTest    : Starting AdmissionServiceApplicationTest using Java 21.0.11 with PID 22368 (started by himan in D:\Projects\SchoolManagementWorkspace\API_V4\admission-service)
2026-06-09T11:37:39.685+05:30  INFO 22368 --- [admission-service] [           main] c.s.a.AdmissionServiceApplicationTest    : No active profile set, falling back to 1 default profile: "default"
2026-06-09T11:37:45.136+05:30  INFO 22368 --- [admission-service] [           main] .s.d.r.c.RepositoryConfigurationDelegate : Multiple Spring Data modules found, entering strict repository configuration mode
2026-06-09T11:37:45.141+05:30  INFO 22368 --- [admission-service] [           main] .s.d.r.c.RepositoryConfigurationDelegate : Bootstrapping Spring Data MongoDB repositories in DEFAULT mode.
2026-06-09T11:37:45.708+05:30  INFO 22368 --- [admission-service] [           main] .s.d.r.c.RepositoryConfigurationDelegate : Finished Spring Data repository scanning in 541 ms. Found 2 MongoDB repository interfaces.
2026-06-09T11:37:45.765+05:30  INFO 22368 --- [admission-service] [           main] .s.d.r.c.RepositoryConfigurationDelegate : Multiple Spring Data modules found, entering strict repository configuration mode
2026-06-09T11:37:45.768+05:30  INFO 22368 --- [admission-service] [           main] .s.d.r.c.RepositoryConfigurationDelegate : Bootstrapping Spring Data Redis repositories in DEFAULT mode.
2026-06-09T11:37:45.804+05:30  INFO 22368 --- [admission-service] [           main] .RepositoryConfigurationExtensionSupport : Spring Data Redis - Could not safely identify store assignment for repository candidate interface com.school.admission.repository.AdmissionApplicationRepository; If you want this repository to be a Redis repository, consider annotating your entities with one of these annotations: org.springframework.data.redis.core.RedisHash (preferred), or consider extending one of the following types with your repository: org.springframework.data.keyvalue.repository.KeyValueRepository
2026-06-09T11:37:45.810+05:30  INFO 22368 --- [admission-service] [           main] .RepositoryConfigurationExtensionSupport : Spring Data Redis - Could not safely identify store assignment for repository candidate interface com.school.admission.repository.StudentProfileRepository; If you want this repository to be a Redis repository, consider annotating your entities with one of these annotations: org.springframework.data.redis.core.RedisHash (preferred), or consider extending one of the following types with your repository: org.springframework.data.keyvalue.repository.KeyValueRepository
2026-06-09T11:37:45.811+05:30  INFO 22368 --- [admission-service] [           main] .s.d.r.c.RepositoryConfigurationDelegate : Finished Spring Data repository scanning in 21 ms. Found 0 Redis repository interfaces.
2026-06-09T11:37:53.392+05:30  INFO 22368 --- [admission-service] [           main] o.s.b.w.embedded.tomcat.TomcatWebServer  : Tomcat initialized with port 0 (http)
2026-06-09T11:37:53.479+05:30  INFO 22368 --- [admission-service] [           main] o.apache.catalina.core.StandardService   : Starting service [Tomcat]
2026-06-09T11:37:53.482+05:30  INFO 22368 --- [admission-service] [           main] o.apache.catalina.core.StandardEngine    : Starting Servlet engine: [Apache Tomcat/10.1.30]
2026-06-09T11:37:53.901+05:30  INFO 22368 --- [admission-service] [           main] o.a.c.c.C.[Tomcat].[localhost].[/]       : Initializing Spring embedded WebApplicationContext
2026-06-09T11:37:53.906+05:30  INFO 22368 --- [admission-service] [           main] w.s.c.ServletWebServerApplicationContext : Root WebApplicationContext: initialization completed in 14145 ms
2026-06-09T11:37:58.103+05:30  INFO 22368 --- [admission-service] [           main] c.s.a.c.AdmissionApplicationController   : [AdmissionApplicationController] Parsed, registered, and loaded admission-workflow successfully.
2026-06-09T11:38:01.648+05:30  INFO 22368 --- [admission-service] [           main] efaultSchemaResourceGraphQlSourceBuilder : Loaded 1 resource(s) in the GraphQL schema.
2026-06-09T11:38:02.387+05:30  INFO 22368 --- [admission-service] [           main] o.s.b.a.g.GraphQlAutoConfiguration       : GraphQL schema inspection:
	Unmapped fields: {Service=[sdl]}
	Unmapped registrations: {}
	Unmapped arguments: {}
	Skipped types: []
2026-06-09T11:38:02.673+05:30  INFO 22368 --- [admission-service] [           main] s.b.a.g.s.GraphQlWebMvcAutoConfiguration : GraphQL endpoint HTTP POST /graphql
2026-06-09T11:38:03.749+05:30  INFO 22368 --- [admission-service] [           main] c.core.common.security.JwtTokenParser    : [JwtTokenParser] Initialized with dynamic JWKS verification from URI: http://localhost:8080/.well-known/jwks.json
2026-06-09T11:38:08.074+05:30  INFO 22368 --- [admission-service] [           main] o.s.b.a.e.web.EndpointLinksResolver      : Exposing 3 endpoints beneath base path '/actuator'
2026-06-09T11:38:08.411+05:30  INFO 22368 --- [admission-service] [           main] o.s.b.w.embedded.tomcat.TomcatWebServer  : Tomcat started on port 62256 (http) with context path '/'
2026-06-09T11:38:08.484+05:30  INFO 22368 --- [admission-service] [           main] c.s.a.AdmissionServiceApplicationTest    : Started AdmissionServiceApplicationTest in 29.616 seconds (process running for 32.509)
2026-06-09T11:38:08.659+05:30 ERROR 22368 --- [admission-service] [   scheduling-1] com.core.common.event.OutboxScheduler    : [OutboxScheduler] Error running outbox publisher task: Cannot invoke "com.mongodb.client.MongoDatabase.getCollection(String, java.lang.Class)" because "db" is null
2026-06-09T11:38:09.451+05:30  INFO 22368 --- [admission-service] [o-auto-1-exec-1] o.a.c.c.C.[Tomcat].[localhost].[/]       : Initializing Spring DispatcherServlet 'dispatcherServlet'
2026-06-09T11:38:09.452+05:30  INFO 22368 --- [admission-service] [o-auto-1-exec-1] o.s.web.servlet.DispatcherServlet        : Initializing Servlet 'dispatcherServlet'
2026-06-09T11:38:09.455+05:30  INFO 22368 --- [admission-service] [o-auto-1-exec-1] o.s.web.servlet.DispatcherServlet        : Completed initialization in 3 ms
2026-06-09T11:38:09.674+05:30 ERROR 22368 --- [admission-service] [   scheduling-1] com.core.common.event.OutboxScheduler    : [OutboxScheduler] Error running outbox publisher task: Cannot invoke "com.mongodb.client.MongoDatabase.getCollection(String, java.lang.Class)" because "db" is null
2026-06-09T11:38:09.690+05:30  WARN 22368 --- [admission-service] [o-auto-1-exec-1] c.c.w.security.WorkflowSecurityService   : Spring Security is not present on the classpath. Aspect security checks are secure (fail-closed).
2026-06-09T11:38:09.691+05:30 ERROR 22368 --- [admission-service] [o-auto-1-exec-1] c.c.w.security.WorkflowSecurityService   : Workflow security check failed for workflow [approve]. Required roles: [ADMIN, STAFF]
2026-06-09T11:38:09.699+05:30 ERROR 22368 --- [admission-service] [o-auto-1-exec-1] c.c.c.handler.GlobalExceptionHandler     : [Global-Exception-Handler] Intercepted CoreException: User is not authorized to execute workflow: approve (Code: SECURITY_UNAUTHORIZED)

com.core.workflow.model.WorkflowSecurityException: User is not authorized to execute workflow: approve
	at com.core.workflow.security.WorkflowSecurityService.checkPermission(WorkflowSecurityService.java:38) ~[workflow-engine-1.0.0-SNAPSHOT.jar:na]
	at java.base/jdk.internal.reflect.DirectMethodHandleAccessor.invoke(DirectMethodHandleAccessor.java:103) ~[na:na]
	at java.base/java.lang.reflect.Method.invoke(Method.java:580) ~[na:na]
	at com.core.common.aspect.WorkflowSecurityAspect.authorize(WorkflowSecurityAspect.java:129) ~[core-common-1.0.0-SNAPSHOT.jar:na]
	at java.base/jdk.internal.reflect.DirectMethodHandleAccessor.invoke(DirectMethodHandleAccessor.java:103) ~[na:na]
	at java.base/java.lang.reflect.Method.invoke(Method.java:580) ~[na:na]
	at org.springframework.aop.aspectj.AbstractAspectJAdvice.invokeAdviceMethodWithGivenArgs(AbstractAspectJAdvice.java:637) ~[spring-aop-6.1.13.jar:6.1.13]
	at org.springframework.aop.aspectj.AbstractAspectJAdvice.invokeAdviceMethod(AbstractAspectJAdvice.java:620) ~[spring-aop-6.1.13.jar:6.1.13]
	at org.springframework.aop.aspectj.AspectJMethodBeforeAdvice.before(AspectJMethodBeforeAdvice.java:44) ~[spring-aop-6.1.13.jar:6.1.13]
	at org.springframework.aop.framework.adapter.MethodBeforeAdviceInterceptor.invoke(MethodBeforeAdviceInterceptor.java:57) ~[spring-aop-6.1.13.jar:6.1.13]
	at org.springframework.aop.framework.ReflectiveMethodInvocation.proceed(ReflectiveMethodInvocation.java:173) ~[spring-aop-6.1.13.jar:6.1.13]
	at org.springframework.aop.framework.CglibAopProxy$CglibMethodInvocation.proceed(CglibAopProxy.java:768) ~[spring-aop-6.1.13.jar:6.1.13]
	at org.springframework.aop.interceptor.ExposeInvocationInterceptor.invoke(ExposeInvocationInterceptor.java:97) ~[spring-aop-6.1.13.jar:6.1.13]
	at org.springframework.aop.framework.ReflectiveMethodInvocation.proceed(ReflectiveMethodInvocation.java:184) ~[spring-aop-6.1.13.jar:6.1.13]
	at org.springframework.aop.framework.CglibAopProxy$CglibMethodInvocation.proceed(CglibAopProxy.java:768) ~[spring-aop-6.1.13.jar:6.1.13]
	at org.springframework.aop.framework.CglibAopProxy$DynamicAdvisedInterceptor.intercept(CglibAopProxy.java:720) ~[spring-aop-6.1.13.jar:6.1.13]
	at com.school.admission.controller.AdmissionApplicationController$$SpringCGLIB$$0.approve(<generated>) ~[classes/:na]
	at java.base/jdk.internal.reflect.DirectMethodHandleAccessor.invoke(DirectMethodHandleAccessor.java:103) ~[na:na]
	at java.base/java.lang.reflect.Method.invoke(Method.java:580) ~[na:na]
	at org.springframework.web.method.support.InvocableHandlerMethod.doInvoke(InvocableHandlerMethod.java:255) ~[spring-web-6.1.13.jar:6.1.13]
	at org.springframework.web.method.support.InvocableHandlerMethod.invokeForRequest(InvocableHandlerMethod.java:188) ~[spring-web-6.1.13.jar:6.1.13]
	at org.springframework.web.servlet.mvc.method.annotation.ServletInvocableHandlerMethod.invokeAndHandle(ServletInvocableHandlerMethod.java:118) ~[spring-webmvc-6.1.13.jar:6.1.13]
	at org.springframework.web.servlet.mvc.method.annotation.RequestMappingHandlerAdapter.invokeHandlerMethod(RequestMappingHandlerAdapter.java:926) ~[spring-webmvc-6.1.13.jar:6.1.13]
	at org.springframework.web.servlet.mvc.method.annotation.RequestMappingHandlerAdapter.handleInternal(RequestMappingHandlerAdapter.java:831) ~[spring-webmvc-6.1.13.jar:6.1.13]
	at org.springframework.web.servlet.mvc.method.AbstractHandlerMethodAdapter.handle(AbstractHandlerMethodAdapter.java:87) ~[spring-webmvc-6.1.13.jar:6.1.13]
	at org.springframework.web.servlet.DispatcherServlet.doDispatch(DispatcherServlet.java:1089) ~[spring-webmvc-6.1.13.jar:6.1.13]
	at org.springframework.web.servlet.DispatcherServlet.doService(DispatcherServlet.java:979) ~[spring-webmvc-6.1.13.jar:6.1.13]
	at org.springframework.web.servlet.FrameworkServlet.processRequest(FrameworkServlet.java:1014) ~[spring-webmvc-6.1.13.jar:6.1.13]
	at org.springframework.web.servlet.FrameworkServlet.doPost(FrameworkServlet.java:914) ~[spring-webmvc-6.1.13.jar:6.1.13]
	at jakarta.servlet.http.HttpServlet.service(HttpServlet.java:590) ~[tomcat-embed-core-10.1.30.jar:6.0]
	at org.springframework.web.servlet.FrameworkServlet.service(FrameworkServlet.java:885) ~[spring-webmvc-6.1.13.jar:6.1.13]
	at jakarta.servlet.http.HttpServlet.service(HttpServlet.java:658) ~[tomcat-embed-core-10.1.30.jar:6.0]
	at org.apache.catalina.core.ApplicationFilterChain.internalDoFilter(ApplicationFilterChain.java:195) ~[tomcat-embed-core-10.1.30.jar:10.1.30]
	at org.apache.catalina.core.ApplicationFilterChain.doFilter(ApplicationFilterChain.java:140) ~[tomcat-embed-core-10.1.30.jar:10.1.30]
	at org.apache.tomcat.websocket.server.WsFilter.doFilter(WsFilter.java:51) ~[tomcat-embed-websocket-10.1.30.jar:10.1.30]
	at org.apache.catalina.core.ApplicationFilterChain.internalDoFilter(ApplicationFilterChain.java:164) ~[tomcat-embed-core-10.1.30.jar:10.1.30]
	at org.apache.catalina.core.ApplicationFilterChain.doFilter(ApplicationFilterChain.java:140) ~[tomcat-embed-core-10.1.30.jar:10.1.30]
	at org.springframework.web.filter.RequestContextFilter.doFilterInternal(RequestContextFilter.java:100) ~[spring-web-6.1.13.jar:6.1.13]
	at org.springframework.web.filter.OncePerRequestFilter.doFilter(OncePerRequestFilter.java:116) ~[spring-web-6.1.13.jar:6.1.13]
	at org.apache.catalina.core.ApplicationFilterChain.internalDoFilter(ApplicationFilterChain.java:164) ~[tomcat-embed-core-10.1.30.jar:10.1.30]
	at org.apache.catalina.core.ApplicationFilterChain.doFilter(ApplicationFilterChain.java:140) ~[tomcat-embed-core-10.1.30.jar:10.1.30]
	at org.springframework.web.filter.FormContentFilter.doFilterInternal(FormContentFilter.java:93) ~[spring-web-6.1.13.jar:6.1.13]
	at org.springframework.web.filter.OncePerRequestFilter.doFilter(OncePerRequestFilter.java:116) ~[spring-web-6.1.13.jar:6.1.13]
	at org.apache.catalina.core.ApplicationFilterChain.internalDoFilter(ApplicationFilterChain.java:164) ~[tomcat-embed-core-10.1.30.jar:10.1.30]
	at org.apache.catalina.core.ApplicationFilterChain.doFilter(ApplicationFilterChain.java:140) ~[tomcat-embed-core-10.1.30.jar:10.1.30]
	at org.springframework.web.filter.ServerHttpObservationFilter.doFilterInternal(ServerHttpObservationFilter.java:113) ~[spring-web-6.1.13.jar:6.1.13]
	at org.springframework.web.filter.OncePerRequestFilter.doFilter(OncePerRequestFilter.java:116) ~[spring-web-6.1.13.jar:6.1.13]
	at org.apache.catalina.core.ApplicationFilterChain.internalDoFilter(ApplicationFilterChain.java:164) ~[tomcat-embed-core-10.1.30.jar:10.1.30]
	at org.apache.catalina.core.ApplicationFilterChain.doFilter(ApplicationFilterChain.java:140) ~[tomcat-embed-core-10.1.30.jar:10.1.30]
	at org.springframework.web.filter.CharacterEncodingFilter.doFilterInternal(CharacterEncodingFilter.java:201) ~[spring-web-6.1.13.jar:6.1.13]
	at org.springframework.web.filter.OncePerRequestFilter.doFilter(OncePerRequestFilter.java:116) ~[spring-web-6.1.13.jar:6.1.13]
	at org.apache.catalina.core.ApplicationFilterChain.internalDoFilter(ApplicationFilterChain.java:164) ~[tomcat-embed-core-10.1.30.jar:10.1.30]
	at org.apache.catalina.core.ApplicationFilterChain.doFilter(ApplicationFilterChain.java:140) ~[tomcat-embed-core-10.1.30.jar:10.1.30]
	at org.apache.catalina.core.StandardWrapperValve.invoke(StandardWrapperValve.java:167) ~[tomcat-embed-core-10.1.30.jar:10.1.30]
	at org.apache.catalina.core.StandardContextValve.invoke(StandardContextValve.java:90) ~[tomcat-embed-core-10.1.30.jar:10.1.30]
	at org.apache.catalina.authenticator.AuthenticatorBase.invoke(AuthenticatorBase.java:483) ~[tomcat-embed-core-10.1.30.jar:10.1.30]
	at org.apache.catalina.core.StandardHostValve.invoke(StandardHostValve.java:115) ~[tomcat-embed-core-10.1.30.jar:10.1.30]
	at org.apache.catalina.valves.ErrorReportValve.invoke(ErrorReportValve.java:93) ~[tomcat-embed-core-10.1.30.jar:10.1.30]
	at org.apache.catalina.core.StandardEngineValve.invoke(StandardEngineValve.java:74) ~[tomcat-embed-core-10.1.30.jar:10.1.30]
	at org.apache.catalina.connector.CoyoteAdapter.service(CoyoteAdapter.java:344) ~[tomcat-embed-core-10.1.30.jar:10.1.30]
	at org.apache.coyote.http11.Http11Processor.service(Http11Processor.java:384) ~[tomcat-embed-core-10.1.30.jar:10.1.30]
	at org.apache.coyote.AbstractProcessorLight.process(AbstractProcessorLight.java:63) ~[tomcat-embed-core-10.1.30.jar:10.1.30]
	at org.apache.coyote.AbstractProtocol$ConnectionHandler.process(AbstractProtocol.java:905) ~[tomcat-embed-core-10.1.30.jar:10.1.30]
	at org.apache.tomcat.util.net.NioEndpoint$SocketProcessor.doRun(NioEndpoint.java:1741) ~[tomcat-embed-core-10.1.30.jar:10.1.30]
	at org.apache.tomcat.util.net.SocketProcessorBase.run(SocketProcessorBase.java:52) ~[tomcat-embed-core-10.1.30.jar:10.1.30]
	at org.apache.tomcat.util.threads.ThreadPoolExecutor.runWorker(ThreadPoolExecutor.java:1190) ~[tomcat-embed-core-10.1.30.jar:10.1.30]
	at org.apache.tomcat.util.threads.ThreadPoolExecutor$Worker.run(ThreadPoolExecutor.java:659) ~[tomcat-embed-core-10.1.30.jar:10.1.30]
	at org.apache.tomcat.util.threads.TaskThread$WrappingRunnable.run(TaskThread.java:63) ~[tomcat-embed-core-10.1.30.jar:10.1.30]
	at java.base/java.lang.Thread.run(Thread.java:1583) ~[na:na]

]]></system-out>
    <system-err><![CDATA[Jun 09, 2026 11:37:36 AM org.junit.platform.launcher.core.LauncherConfigurationParameters loadClasspathResource
WARNING: Discovered 2 'junit-platform.properties' configuration files in the classpath; only the first will be used.
Jun 09, 2026 11:37:37 AM org.junit.platform.launcher.core.LauncherConfigurationParameters loadClasspathResource
WARNING: Discovered 2 'junit-platform.properties' configuration files in the classpath; only the first will be used.
Jun 09, 2026 11:37:37 AM org.junit.platform.launcher.core.LauncherConfigurationParameters loadClasspathResource
WARNING: Discovered 2 'junit-platform.properties' configuration files in the classpath; only the first will be used.
WARNING: A Java agent has been loaded dynamically (C:\Users\himan\.m2\repository\net\bytebuddy\byte-buddy-agent\1.14.19\byte-buddy-agent-1.14.19.jar)
WARNING: If a serviceability tool is in use, please run with -XX:+EnableDynamicAgentLoading to hide this warning
WARNING: If a serviceability tool is not in use, please run with -Djdk.instrument.traceUsage for more information
WARNING: Dynamic loading of agents will be disallowed by default in a future release
]]></system-err>
  </testcase>
  <testcase name="testOpenApiEndpoint" classname="com.school.admission.AdmissionServiceApplicationTest" time="0.969">
    <system-out><![CDATA[2026-06-09T11:38:09.889+05:30  INFO 22368 --- [admission-service] [o-auto-1-exec-2] c.c.c.a.ControllerErrorHandlerAspect     : [Controller-Audit] Entering method: OpenApiWebMvcResource.openapiJson(..) with args: [org.apache.catalina.connector.RequestFacade@3a6588de, /v3/api-docs, en_IN]
2026-06-09T11:38:10.680+05:30  INFO 22368 --- [admission-service] [o-auto-1-exec-2] o.springdoc.api.AbstractOpenApiResource  : Init duration for springdoc-openapi is: 782 ms
2026-06-09T11:38:10.681+05:30 ERROR 22368 --- [admission-service] [   scheduling-1] com.core.common.event.OutboxScheduler    : [OutboxScheduler] Error running outbox publisher task: Cannot invoke "com.mongodb.client.MongoDatabase.getCollection(String, java.lang.Class)" because "db" is null
2026-06-09T11:38:10.803+05:30  INFO 22368 --- [admission-service] [o-auto-1-exec-2] c.c.c.a.ControllerErrorHandlerAspect     : [Controller-Audit] Exiting method: OpenApiWebMvcResource.openapiJson(..) successfully. Duration: 912ms
]]></system-out>
  </testcase>
  <testcase name="contextLoads" classname="com.school.admission.AdmissionServiceApplicationTest" time="0.02"/>
  <testcase name="testDatabaseRouting" classname="com.school.admission.AdmissionServiceApplicationTest" time="0.653"/>
</testsuite>